<?xml version="1.0" encoding="UTF-8"?>
<!-- Generated by org.testng.reporters.JUnitReportReporter -->
<testsuite skipped="0" hostname="DESKTOP-OEFNCNE" name="orangetest.LoginTestCash" tests="1" failures="0" timestamp="24 Nov 2018 16:38:34 GMT" time="12.854" errors="0">
  <testcase name="testOrange" time="12.854" classname="orangetest.LoginTestCash"/>
</testsuite> <!-- orangetest.LoginTestCash -->
